<?xml version="1.0" encoding="UTF-8"?>
<!-- Generated by org.testng.reporters.JUnitXMLReporter -->
<testsuite hostname="DESKTOP-BM4NCDP" ignored="0" name="FirefoxTest" tests="3" failures="0" timestamp="16 Nov 2020 17:15:48 GMT" time="0.071" errors="0">
  <testcase name="@BeforeMethod launchApp" time="0.007" classname="testngPrac.testngp.baseClass">
    <failure type="java.lang.NullPointerException">
      <![CDATA[java.lang.NullPointerException
	at testngPrac.testngp.baseClass.launchApp(baseClass.java:35)
... Removed 27 stack frames]]>
    </failure>
  </testcase> <!-- @BeforeMethod launchApp -->
  <testcase name="@BeforeMethod launchApp" time="0.001" classname="testngPrac.testngp.baseClass">
    <failure type="java.lang.NullPointerException">
      <![CDATA[java.lang.NullPointerException
	at testngPrac.testngp.baseClass.launchApp(baseClass.java:35)
... Removed 27 stack frames]]>
    </failure>
  </testcase> <!-- @BeforeMethod launchApp -->
  <testcase name="@BeforeMethod launchApp" time="0.001" classname="testngPrac.testngp.baseClass">
    <failure type="java.lang.NullPointerException">
      <![CDATA[java.lang.NullPointerException
	at testngPrac.testngp.baseClass.launchApp(baseClass.java:35)
... Removed 27 stack frames]]>
    </failure>
  </testcase> <!-- @BeforeMethod launchApp -->
  <testcase name="verifyTitleTest" time="0.001" classname="testngPrac.testngp.testcase">
    <skipped/>
  </testcase> <!-- verifyTitleTest -->
  <testcase name="verifyCurrentUrlTest" time="0.0" classname="testngPrac.testngp.testcase">
    <skipped/>
  </testcase> <!-- verifyCurrentUrlTest -->
  <testcase name="getGoogleImageTest" time="0.0" classname="testngPrac.testngp.testcase">
    <skipped/>
  </testcase> <!-- getGoogleImageTest -->
</testsuite> <!-- FirefoxTest -->
