<?xml version="1.0" encoding="UTF-8"?>
<!-- Generated by org.testng.reporters.JUnitXMLReporter -->
<testsuite hostname="DESKTOP-BM4NCDP" ignored="0" name="operatest" tests="1" failures="0" timestamp="02 Jan 2021 09:59:40 GMT" time="27.579" errors="0">
  <testcase name="@AfterMethod tearDown" time="0.001" classname="testngPrac.testngp.baseClass">
    <failure type="java.lang.NullPointerException">
      <![CDATA[java.lang.NullPointerException
at testngPrac.testngp.baseClass.tearDown(baseClass.java:133)
... Removed 32 stack frames]]>
    </failure>
  </testcase> <!-- @AfterMethod tearDown -->
  <testcase name="searchAppTest" time="15.348" classname="testngPrac.testngp.testcase"/>
</testsuite> <!-- operatest -->
